<?xml version="1.0" encoding="UTF-8"?>
<testng-results skipped="0" failed="0" ignored="0" total="1" passed="1">
  <reporter-output>
    <line>
      <![CDATA[The home page is display]]>
    </line>
    <line>
      <![CDATA[The doctorsLoginPage is display]]>
    </line>
    <line>
      <![CDATA[The Doctor dash board page is not displayed]]>
    </line>
    <line>
      <![CDATA[The add patient page is displayed]]>
    </line>
    <line>
      <![CDATA[The add patient page is displayed]]>
    </line>
    <line>
      <![CDATA[The manage patient page is displayed ]]>
    </line>
  </reporter-output>
  <suite name="Default suite" duration-ms="44254" started-at="2023-05-29T15:16:00 IST" finished-at="2023-05-29T15:16:44 IST">
    <groups>
      <group name="regression">
        <method signature="AddingPatientMadicalHistory.AddingPatientMdedicalHistory()[pri:0, instance:typractice.AddingPatientMadicalHistory@6acdbdf5]" name="AddingPatientMdedicalHistory" class="typractice.AddingPatientMadicalHistory"/>
      </group> <!-- regression -->
    </groups>
    <test name="Default test" duration-ms="44254" started-at="2023-05-29T15:16:00 IST" finished-at="2023-05-29T15:16:44 IST">
      <class name="typractice.AddingPatientMadicalHistory">
        <test-method status="PASS" signature="AddingPatientMdedicalHistory()[pri:0, instance:typractice.AddingPatientMadicalHistory@6acdbdf5]" name="AddingPatientMdedicalHistory" duration-ms="44176" started-at="2023-05-29T15:16:00 IST" finished-at="2023-05-29T15:16:44 IST">
          <reporter-output>
            <line>
              <![CDATA[The home page is display]]>
            </line>
            <line>
              <![CDATA[The doctorsLoginPage is display]]>
            </line>
            <line>
              <![CDATA[The Doctor dash board page is not displayed]]>
            </line>
            <line>
              <![CDATA[The add patient page is displayed]]>
            </line>
            <line>
              <![CDATA[The add patient page is displayed]]>
            </line>
            <line>
              <![CDATA[The manage patient page is displayed ]]>
            </line>
          </reporter-output>
        </test-method> <!-- AddingPatientMdedicalHistory -->
      </class> <!-- typractice.AddingPatientMadicalHistory -->
    </test> <!-- Default test -->
  </suite> <!-- Default suite -->
</testng-results>
